<?xml version="1.0" encoding="UTF-8"?>
<robot generator="Robot 5.0 (Python 3.9.10 on win32)" generated="20220517 23:26:44.274" rpa="false" schemaversion="3">
<suite id="s1" name="Magalu" source="C:\Users\Rodolffo - RyzenWK\Desktop\Aiqfome\TEST\magalu.robot">
<test id="s1-t1" name="Caso de teste 01 - Fluxo de pedido site Magalu" line="12">
<kw name="Abrir o Navegador" library="Resources" type="SETUP">
<kw name="Open Browser" library="SeleniumLibrary">
<arg>browser=firefox</arg>
<doc>Opens a new browser instance to the optional ``url``.</doc>
<msg timestamp="20220517 23:26:44.766" level="INFO">Opening browser 'firefox' to base url 'None'.</msg>
<msg timestamp="20220517 23:26:44.772" level="INFO">Firefox driver log is always forced to to: C:\Users\Rodolffo - RyzenWK\Desktop\Aiqfome\TEST\geckodriver-1.log</msg>
<status status="PASS" starttime="20220517 23:26:44.766" endtime="20220517 23:26:49.398"/>
</kw>
<status status="PASS" starttime="20220517 23:26:44.765" endtime="20220517 23:26:49.398"/>
</kw>
<kw name="Abrir o site da Magazine luiza" library="Resources">
<kw name="Maximize Browser Window" library="SeleniumLibrary">
<doc>Maximizes current browser window.</doc>
<status status="PASS" starttime="20220517 23:26:49.398" endtime="20220517 23:26:49.666"/>
</kw>
<kw name="Go To" library="SeleniumLibrary">
<arg>url=${URL}</arg>
<doc>Navigates the current browser window to the provided ``url``.</doc>
<msg timestamp="20220517 23:26:49.666" level="INFO">Opening url 'https://www.magazineluiza.com.br/'</msg>
<status status="PASS" starttime="20220517 23:26:49.666" endtime="20220517 23:26:52.417"/>
</kw>
<kw name="Page Should Contain" library="SeleniumLibrary">
<arg>Magazine Luiza | Pra você é Magalu!</arg>
<doc>Verifies that current page contains ``text``.</doc>
<msg timestamp="20220517 23:26:52.451" level="INFO">Current page contains text 'Magazine Luiza | Pra você é Magalu!'.</msg>
<status status="PASS" starttime="20220517 23:26:52.418" endtime="20220517 23:26:52.451"/>
</kw>
<kw name="Capture Page Screenshot" library="SeleniumLibrary">
<doc>Takes a screenshot of the current page and embeds it into a log file.</doc>
<msg timestamp="20220517 23:26:52.573" level="INFO" html="true">&lt;/td&gt;&lt;/tr&gt;&lt;tr&gt;&lt;td colspan="3"&gt;&lt;a href="selenium-screenshot-1.png"&gt;&lt;img src="selenium-screenshot-1.png" width="800px"&gt;&lt;/a&gt;</msg>
<status status="PASS" starttime="20220517 23:26:52.451" endtime="20220517 23:26:52.573"/>
</kw>
<status status="PASS" starttime="20220517 23:26:49.398" endtime="20220517 23:26:52.573"/>
</kw>
<kw name="Acessar o segundo departamento" library="Resources">
<kw name="Click Element" library="SeleniumLibrary">
<arg>//a[contains(.,'Todos os departamentos')]</arg>
<doc>Click the element identified by ``locator``.</doc>
<msg timestamp="20220517 23:26:52.574" level="INFO">Clicking element '//a[contains(.,'Todos os departamentos')]'.</msg>
<status status="PASS" starttime="20220517 23:26:52.574" endtime="20220517 23:26:52.667"/>
</kw>
<kw name="Capture Page Screenshot" library="SeleniumLibrary">
<doc>Takes a screenshot of the current page and embeds it into a log file.</doc>
<msg timestamp="20220517 23:26:52.770" level="INFO" html="true">&lt;/td&gt;&lt;/tr&gt;&lt;tr&gt;&lt;td colspan="3"&gt;&lt;a href="selenium-screenshot-2.png"&gt;&lt;img src="selenium-screenshot-2.png" width="800px"&gt;&lt;/a&gt;</msg>
<status status="PASS" starttime="20220517 23:26:52.667" endtime="20220517 23:26:52.771"/>
</kw>
<kw name="Wait Until Element Contains" library="SeleniumLibrary">
<arg>${SUBMENU}</arg>
<arg>Ar e Ventilação</arg>
<doc>Waits until the element ``locator`` contains ``text``.</doc>
<status status="PASS" starttime="20220517 23:26:52.771" endtime="20220517 23:26:52.783"/>
</kw>
<kw name="Click Element" library="SeleniumLibrary">
<arg>${SUBMENU}</arg>
<doc>Click the element identified by ``locator``.</doc>
<msg timestamp="20220517 23:26:52.783" level="INFO">Clicking element 'Xpath=//a[@data-testid='link'][contains(.,'Ar e Ventilação')]'.</msg>
<status status="PASS" starttime="20220517 23:26:52.783" endtime="20220517 23:26:56.334"/>
</kw>
<kw name="Capture Page Screenshot" library="SeleniumLibrary">
<doc>Takes a screenshot of the current page and embeds it into a log file.</doc>
<msg timestamp="20220517 23:26:56.438" level="INFO" html="true">&lt;/td&gt;&lt;/tr&gt;&lt;tr&gt;&lt;td colspan="3"&gt;&lt;a href="selenium-screenshot-3.png"&gt;&lt;img src="selenium-screenshot-3.png" width="800px"&gt;&lt;/a&gt;</msg>
<status status="PASS" starttime="20220517 23:26:56.334" endtime="20220517 23:26:56.438"/>
</kw>
<kw name="Page Should Contain" library="SeleniumLibrary">
<arg>Ar e Ventilação</arg>
<doc>Verifies that current page contains ``text``.</doc>
<msg timestamp="20220517 23:26:56.469" level="INFO">Current page contains text 'Ar e Ventilação'.</msg>
<status status="PASS" starttime="20220517 23:26:56.438" endtime="20220517 23:26:56.469"/>
</kw>
<kw name="Capture Page Screenshot" library="SeleniumLibrary">
<doc>Takes a screenshot of the current page and embeds it into a log file.</doc>
<msg timestamp="20220517 23:26:56.607" level="INFO" html="true">&lt;/td&gt;&lt;/tr&gt;&lt;tr&gt;&lt;td colspan="3"&gt;&lt;a href="selenium-screenshot-4.png"&gt;&lt;img src="selenium-screenshot-4.png" width="800px"&gt;&lt;/a&gt;</msg>
<status status="PASS" starttime="20220517 23:26:56.469" endtime="20220517 23:26:56.607"/>
</kw>
<status status="PASS" starttime="20220517 23:26:52.573" endtime="20220517 23:26:56.607"/>
</kw>
<kw name="Acessar a página do terceiro produto" library="Resources">
<kw name="Capture Page Screenshot" library="SeleniumLibrary">
<doc>Takes a screenshot of the current page and embeds it into a log file.</doc>
<msg timestamp="20220517 23:26:56.720" level="INFO" html="true">&lt;/td&gt;&lt;/tr&gt;&lt;tr&gt;&lt;td colspan="3"&gt;&lt;a href="selenium-screenshot-5.png"&gt;&lt;img src="selenium-screenshot-5.png" width="800px"&gt;&lt;/a&gt;</msg>
<status status="PASS" starttime="20220517 23:26:56.608" endtime="20220517 23:26:56.721"/>
</kw>
<kw name="Click Element" library="SeleniumLibrary">
<arg>(//h2[contains(@data-testid,'product-title')])[3]</arg>
<doc>Click the element identified by ``locator``.</doc>
<msg timestamp="20220517 23:26:56.721" level="INFO">Clicking element '(//h2[contains(@data-testid,'product-title')])[3]'.</msg>
<status status="PASS" starttime="20220517 23:26:56.721" endtime="20220517 23:27:00.303"/>
</kw>
<kw name="Capture Page Screenshot" library="SeleniumLibrary">
<doc>Takes a screenshot of the current page and embeds it into a log file.</doc>
<msg timestamp="20220517 23:27:00.478" level="INFO" html="true">&lt;/td&gt;&lt;/tr&gt;&lt;tr&gt;&lt;td colspan="3"&gt;&lt;a href="selenium-screenshot-6.png"&gt;&lt;img src="selenium-screenshot-6.png" width="800px"&gt;&lt;/a&gt;</msg>
<status status="PASS" starttime="20220517 23:27:00.303" endtime="20220517 23:27:00.478"/>
</kw>
<kw name="Wait Until Element Is Visible" library="SeleniumLibrary">
<arg>${VOLTAGEM EL}</arg>
<doc>Waits until the element ``locator`` is visible.</doc>
<status status="PASS" starttime="20220517 23:27:00.478" endtime="20220517 23:27:00.503"/>
</kw>
<status status="PASS" starttime="20220517 23:26:56.608" endtime="20220517 23:27:00.503"/>
</kw>
<kw name="Adicionar o produto a sacola (Carrinho)" library="Resources">
<kw name="Capture Page Screenshot" library="SeleniumLibrary">
<doc>Takes a screenshot of the current page and embeds it into a log file.</doc>
<msg timestamp="20220517 23:27:00.585" level="INFO" html="true">&lt;/td&gt;&lt;/tr&gt;&lt;tr&gt;&lt;td colspan="3"&gt;&lt;a href="selenium-screenshot-7.png"&gt;&lt;img src="selenium-screenshot-7.png" width="800px"&gt;&lt;/a&gt;</msg>
<status status="PASS" starttime="20220517 23:27:00.503" endtime="20220517 23:27:00.585"/>
</kw>
<kw name="Click Element" library="SeleniumLibrary">
<arg>${SELECT_N}</arg>
<doc>Click the element identified by ``locator``.</doc>
<msg timestamp="20220517 23:27:00.586" level="INFO">Clicking element 'Xpath=//select[@data-attribute-type='voltage']'.</msg>
<status status="PASS" starttime="20220517 23:27:00.586" endtime="20220517 23:27:00.858"/>
</kw>
<kw name="Capture Page Screenshot" library="SeleniumLibrary">
<doc>Takes a screenshot of the current page and embeds it into a log file.</doc>
<msg timestamp="20220517 23:27:00.937" level="INFO" html="true">&lt;/td&gt;&lt;/tr&gt;&lt;tr&gt;&lt;td colspan="3"&gt;&lt;a href="selenium-screenshot-8.png"&gt;&lt;img src="selenium-screenshot-8.png" width="800px"&gt;&lt;/a&gt;</msg>
<status status="PASS" starttime="20220517 23:27:00.858" endtime="20220517 23:27:00.937"/>
</kw>
<kw name="Select From List By Value" library="SeleniumLibrary">
<arg>${SELECT_N}</arg>
<arg>020470100</arg>
<doc>Selects options from selection list ``locator`` by ``values``.</doc>
<msg timestamp="20220517 23:27:00.938" level="INFO">Selecting options from selection list 'Xpath=//select[@data-attribute-type='voltage']' by value 020470100.</msg>
<status status="PASS" starttime="20220517 23:27:00.938" endtime="20220517 23:27:02.356"/>
</kw>
<kw name="Capture Page Screenshot" library="SeleniumLibrary">
<doc>Takes a screenshot of the current page and embeds it into a log file.</doc>
<msg timestamp="20220517 23:27:02.499" level="INFO" html="true">&lt;/td&gt;&lt;/tr&gt;&lt;tr&gt;&lt;td colspan="3"&gt;&lt;a href="selenium-screenshot-9.png"&gt;&lt;img src="selenium-screenshot-9.png" width="800px"&gt;&lt;/a&gt;</msg>
<status status="PASS" starttime="20220517 23:27:02.356" endtime="20220517 23:27:02.499"/>
</kw>
<kw name="Wait Until Element Is Visible" library="SeleniumLibrary">
<arg>${SACOLA}</arg>
<doc>Waits until the element ``locator`` is visible.</doc>
<status status="PASS" starttime="20220517 23:27:02.499" endtime="20220517 23:27:02.574"/>
</kw>
<kw name="Capture Page Screenshot" library="SeleniumLibrary">
<doc>Takes a screenshot of the current page and embeds it into a log file.</doc>
<msg timestamp="20220517 23:27:02.703" level="INFO" html="true">&lt;/td&gt;&lt;/tr&gt;&lt;tr&gt;&lt;td colspan="3"&gt;&lt;a href="selenium-screenshot-10.png"&gt;&lt;img src="selenium-screenshot-10.png" width="800px"&gt;&lt;/a&gt;</msg>
<status status="PASS" starttime="20220517 23:27:02.574" endtime="20220517 23:27:02.703"/>
</kw>
<kw name="Click Button" library="SeleniumLibrary">
<arg>${SACOLA}</arg>
<doc>Clicks the button identified by ``locator``.</doc>
<msg timestamp="20220517 23:27:02.704" level="INFO">Clicking button 'Xpath=//button[contains(@class,'buy-product-detail js-add-cart-button js-main-add-cart-button js-add-box-prime')]'.</msg>
<status status="PASS" starttime="20220517 23:27:02.704" endtime="20220517 23:27:02.957"/>
</kw>
<kw name="Capture Page Screenshot" library="SeleniumLibrary">
<doc>Takes a screenshot of the current page and embeds it into a log file.</doc>
<msg timestamp="20220517 23:27:03.071" level="INFO" html="true">&lt;/td&gt;&lt;/tr&gt;&lt;tr&gt;&lt;td colspan="3"&gt;&lt;a href="selenium-screenshot-11.png"&gt;&lt;img src="selenium-screenshot-11.png" width="800px"&gt;&lt;/a&gt;</msg>
<status status="PASS" starttime="20220517 23:27:02.957" endtime="20220517 23:27:03.071"/>
</kw>
<kw name="Wait Until Element Is Visible" library="SeleniumLibrary">
<arg>${CONTAIN}</arg>
<doc>Waits until the element ``locator`` is visible.</doc>
<status status="PASS" starttime="20220517 23:27:03.071" endtime="20220517 23:27:03.936"/>
</kw>
<kw name="Capture Page Screenshot" library="SeleniumLibrary">
<doc>Takes a screenshot of the current page and embeds it into a log file.</doc>
<msg timestamp="20220517 23:27:03.993" level="INFO" html="true">&lt;/td&gt;&lt;/tr&gt;&lt;tr&gt;&lt;td colspan="3"&gt;&lt;a href="selenium-screenshot-12.png"&gt;&lt;img src="selenium-screenshot-12.png" width="800px"&gt;&lt;/a&gt;</msg>
<status status="PASS" starttime="20220517 23:27:03.937" endtime="20220517 23:27:03.993"/>
</kw>
<status status="PASS" starttime="20220517 23:27:00.503" endtime="20220517 23:27:03.993"/>
</kw>
<kw name="Validar Nome, Valor e Quantidade dos produtos adicionados." library="Resources">
<kw name="Capture Page Screenshot" library="SeleniumLibrary">
<doc>Takes a screenshot of the current page and embeds it into a log file.</doc>
<msg timestamp="20220517 23:27:04.045" level="INFO" html="true">&lt;/td&gt;&lt;/tr&gt;&lt;tr&gt;&lt;td colspan="3"&gt;&lt;a href="selenium-screenshot-13.png"&gt;&lt;img src="selenium-screenshot-13.png" width="800px"&gt;&lt;/a&gt;</msg>
<status status="PASS" starttime="20220517 23:27:03.994" endtime="20220517 23:27:04.046"/>
</kw>
<kw name="Get Title" library="SeleniumLibrary">
<var>${TITULOVENT}</var>
<doc>Returns the title of the current page.</doc>
<msg timestamp="20220517 23:27:04.047" level="INFO">${TITULOVENT} = Sacola de compras - Magazine Luiza</msg>
<status status="PASS" starttime="20220517 23:27:04.046" endtime="20220517 23:27:04.047"/>
</kw>
<kw name="Capture Page Screenshot" library="SeleniumLibrary">
<doc>Takes a screenshot of the current page and embeds it into a log file.</doc>
<msg timestamp="20220517 23:27:04.102" level="INFO" html="true">&lt;/td&gt;&lt;/tr&gt;&lt;tr&gt;&lt;td colspan="3"&gt;&lt;a href="selenium-screenshot-14.png"&gt;&lt;img src="selenium-screenshot-14.png" width="800px"&gt;&lt;/a&gt;</msg>
<status status="PASS" starttime="20220517 23:27:04.048" endtime="20220517 23:27:04.102"/>
</kw>
<kw name="Wait Until Element Contains" library="SeleniumLibrary">
<arg>${QNTCAMPO}</arg>
<arg>1 item</arg>
<doc>Waits until the element ``locator`` contains ``text``.</doc>
<status status="PASS" starttime="20220517 23:27:04.102" endtime="20220517 23:27:04.111"/>
</kw>
<kw name="Capture Page Screenshot" library="SeleniumLibrary">
<doc>Takes a screenshot of the current page and embeds it into a log file.</doc>
<msg timestamp="20220517 23:27:04.166" level="INFO" html="true">&lt;/td&gt;&lt;/tr&gt;&lt;tr&gt;&lt;td colspan="3"&gt;&lt;a href="selenium-screenshot-15.png"&gt;&lt;img src="selenium-screenshot-15.png" width="800px"&gt;&lt;/a&gt;</msg>
<status status="PASS" starttime="20220517 23:27:04.111" endtime="20220517 23:27:04.166"/>
</kw>
<kw name="Wait Until Element Contains" library="SeleniumLibrary">
<arg>${VALORCAM}</arg>
<arg>R$ 95,00</arg>
<doc>Waits until the element ``locator`` contains ``text``.</doc>
<status status="PASS" starttime="20220517 23:27:04.166" endtime="20220517 23:27:04.182"/>
</kw>
<status status="PASS" starttime="20220517 23:27:03.994" endtime="20220517 23:27:04.182"/>
</kw>
<kw name="Fechar o Navegador" library="Resources" type="TEARDOWN">
<kw name="Close Browser" library="SeleniumLibrary">
<doc>Closes the current browser.</doc>
<status status="PASS" starttime="20220517 23:27:04.183" endtime="20220517 23:27:05.082"/>
</kw>
<kw name="Capture Page Screenshot" library="SeleniumLibrary">
<doc>Takes a screenshot of the current page and embeds it into a log file.</doc>
<msg timestamp="20220517 23:27:05.083" level="INFO">Cannot capture screenshot because no browser is open.</msg>
<status status="PASS" starttime="20220517 23:27:05.083" endtime="20220517 23:27:05.083"/>
</kw>
<status status="PASS" starttime="20220517 23:27:04.183" endtime="20220517 23:27:05.083"/>
</kw>
<doc>Esse teste realiza a validação do fluxo de pedido
No site da magalu</doc>
<tag>Pedidos</tag>
<status status="PASS" starttime="20220517 23:26:44.765" endtime="20220517 23:27:05.083"/>
</test>
<doc>Essa suite testa o site da https://www.magazineluiza.com.br/</doc>
<status status="PASS" starttime="20220517 23:26:44.276" endtime="20220517 23:27:05.084"/>
</suite>
<statistics>
<total>
<stat pass="1" fail="0" skip="0">All Tests</stat>
</total>
<tag>
<stat pass="1" fail="0" skip="0">Pedidos</stat>
</tag>
<suite>
<stat pass="1" fail="0" skip="0" id="s1" name="Magalu">Magalu</stat>
</suite>
</statistics>
<errors>
</errors>
</robot>
